0 info it worked if it ends with ok
1 verbose cli [ '/usr/local/bin/node',
1 verbose cli   '/usr/local/bin/npm',
1 verbose cli   'install',
1 verbose cli   '-g',
1 verbose cli   'yo' ]
2 info using npm@1.4.28
3 info using node@v0.10.32
4 verbose cache add [ 'yo', null ]
5 verbose cache add name=undefined spec="yo" args=["yo",null]
6 verbose parsed url { protocol: null,
6 verbose parsed url   slashes: null,
6 verbose parsed url   auth: null,
6 verbose parsed url   host: null,
6 verbose parsed url   port: null,
6 verbose parsed url   hostname: null,
6 verbose parsed url   hash: null,
6 verbose parsed url   search: null,
6 verbose parsed url   query: null,
6 verbose parsed url   pathname: 'yo',
6 verbose parsed url   path: 'yo',
6 verbose parsed url   href: 'yo' }
7 silly lockFile c41975d1-yo yo
8 verbose lock yo /Users/sudeep494/.npm/c41975d1-yo.lock
9 silly lockFile c41975d1-yo yo
10 silly lockFile c41975d1-yo yo
11 verbose addNamed [ 'yo', '' ]
12 verbose addNamed [ null, '*' ]
13 silly lockFile d937c28e-yo yo@
14 verbose lock yo@ /Users/sudeep494/.npm/d937c28e-yo.lock
15 silly addNameRange { name: 'yo', range: '*', hasData: false }
16 verbose request where is /yo
17 verbose request registry https://registry.npmjs.org/
18 verbose request id 496a5b07b6ea0711
19 verbose url raw /yo
20 verbose url resolving [ 'https://registry.npmjs.org/', './yo' ]
21 verbose url resolved https://registry.npmjs.org/yo
22 verbose request where is https://registry.npmjs.org/yo
23 info trying registry request attempt 1 at 00:20:57
24 verbose etag "CETS52PTZYY2V6YHHN6T4LWSV"
25 http GET https://registry.npmjs.org/yo
26 http 304 https://registry.npmjs.org/yo
27 silly registry.get cb [ 304,
27 silly registry.get   { date: 'Tue, 02 Aug 2016 05:20:58 GMT',
27 silly registry.get     via: '1.1 varnish',
27 silly registry.get     'cache-control': 'max-age=300',
27 silly registry.get     etag: '"CETS52PTZYY2V6YHHN6T4LWSV"',
27 silly registry.get     age: '63',
27 silly registry.get     connection: 'keep-alive',
27 silly registry.get     'x-served-by': 'cache-ord1739-ORD',
27 silly registry.get     'x-cache': 'HIT',
27 silly registry.get     'x-cache-hits': '1',
27 silly registry.get     'x-timer': 'S1470115258.555020,VS0,VE0',
27 silly registry.get     vary: 'Accept-Encoding' } ]
28 verbose etag https://registry.npmjs.org/yo from cache
29 silly addNameRange number 2 { name: 'yo', range: '*', hasData: true }
30 silly addNameRange versions [ 'yo',
30 silly addNameRange   [ '1.1.0',
30 silly addNameRange     '1.1.1',
30 silly addNameRange     '1.1.2',
30 silly addNameRange     '1.2.0',
30 silly addNameRange     '1.2.1',
30 silly addNameRange     '1.3.0',
30 silly addNameRange     '1.3.2',
30 silly addNameRange     '1.3.3',
30 silly addNameRange     '1.4.6',
30 silly addNameRange     '1.4.7',
30 silly addNameRange     '1.4.8',
30 silly addNameRange     '1.5.0',
30 silly addNameRange     '1.5.1',
30 silly addNameRange     '1.6.0',
30 silly addNameRange     '1.7.0',
30 silly addNameRange     '1.7.1',
30 silly addNameRange     '1.8.1',
30 silly addNameRange     '1.8.2',
30 silly addNameRange     '1.8.3',
30 silly addNameRange     '1.8.4' ] ]
31 verbose addNamed [ 'yo', '1.8.4' ]
32 verbose addNamed [ '1.8.4', '1.8.4' ]
33 silly lockFile e22e24c7-yo-1-8-4 yo@1.8.4
34 verbose lock yo@1.8.4 /Users/sudeep494/.npm/e22e24c7-yo-1-8-4.lock
35 silly lockFile e22e24c7-yo-1-8-4 yo@1.8.4
36 silly lockFile e22e24c7-yo-1-8-4 yo@1.8.4
37 silly lockFile d937c28e-yo yo@
38 silly lockFile d937c28e-yo yo@
39 silly resolved [ { name: 'yo',
39 silly resolved     version: '1.8.4',
39 silly resolved     description: 'CLI tool for running Yeoman generators',
39 silly resolved     homepage: 'http://yeoman.io',
39 silly resolved     author: { name: 'Yeoman' },
39 silly resolved     files: [ 'lib' ],
39 silly resolved     main: 'lib',
39 silly resolved     keywords:
39 silly resolved      [ 'cli-app',
39 silly resolved        'cli',
39 silly resolved        'front-end',
39 silly resolved        'development',
39 silly resolved        'dev',
39 silly resolved        'build',
39 silly resolved        'web',
39 silly resolved        'tool',
39 silly resolved        'scaffold',
39 silly resolved        'stack',
39 silly resolved        'yeoman',
39 silly resolved        'generator',
39 silly resolved        'generate',
39 silly resolved        'app',
39 silly resolved        'boilerplate' ],
39 silly resolved     license: 'BSD-2-Clause',
39 silly resolved     repository: { type: 'git', url: 'git+https://github.com/yeoman/yo.git' },
39 silly resolved     bin: { yo: 'lib/cli.js', 'yo-complete': 'lib/completion/index.js' },
39 silly resolved     engines: { node: '>=0.12.0' },
39 silly resolved     scripts:
39 silly resolved      { test: 'gulp',
39 silly resolved        postinstall: 'yodoctor',
39 silly resolved        postupdate: 'yodoctor',
39 silly resolved        prepublish: 'gulp prepublish' },
39 silly resolved     dependencies:
39 silly resolved      { async: '^1.0.0',
39 silly resolved        chalk: '^1.0.0',
39 silly resolved        'cli-list': '^0.1.1',
39 silly resolved        configstore: '^1.0.0',
39 silly resolved        'cross-spawn': '^3.0.1',
39 silly resolved        figures: '^1.3.5',
39 silly resolved        fullname: '^2.0.0',
39 silly resolved        got: '^5.0.0',
39 silly resolved        'humanize-string': '^1.0.0',
39 silly resolved        inquirer: '^0.11.0',
39 silly resolved        insight: '^0.7.0',
39 silly resolved        lodash: '^3.2.0',
39 silly resolved        meow: '^3.0.0',
39 silly resolved        'npm-keyword': '^4.1.0',
39 silly resolved        opn: '^3.0.2',
39 silly resolved        'package-json': '^2.1.0',
39 silly resolved        'parse-help': '^0.1.1',
39 silly resolved        'read-pkg-up': '^1.0.1',
39 silly resolved        repeating: '^2.0.0',
39 silly resolved        'root-check': '^1.0.0',
39 silly resolved        'sort-on': '^1.0.0',
39 silly resolved        'string-length': '^1.0.0',
39 silly resolved        tabtab: '^1.3.0',
39 silly resolved        titleize: '^1.0.0',
39 silly resolved        'update-notifier': '^0.6.0',
39 silly resolved        'user-home': '^2.0.0',
39 silly resolved        'yeoman-character': '^1.0.0',
39 silly resolved        'yeoman-doctor': '^2.0.0',
39 silly resolved        'yeoman-environment': '^1.6.1',
39 silly resolved        yosay: '^1.0.0' },
39 silly resolved     devDependencies:
39 silly resolved      { gulp: '^3.6.0',
39 silly resolved        'gulp-coveralls': '^0.1.0',
39 silly resolved        'gulp-eslint': '^2.0.0',
39 silly resolved        'gulp-exclude-gitignore': '^1.0.0',
39 silly resolved        'gulp-istanbul': '^0.10.4',
39 silly resolved        'gulp-mocha': '^2.0.0',
39 silly resolved        'gulp-nsp': '^2.1.0',
39 silly resolved        'gulp-plumber': '^1.0.0',
39 silly resolved        mocha: '^2.1.0',
39 silly resolved        mockery: '^1.4.0',
39 silly resolved        nock: '^8.0.0',
39 silly resolved        nsp: '^2.2.0',
39 silly resolved        proxyquire: '^1.0.1',
39 silly resolved        'registry-url': '^3.0.0',
39 silly resolved        sinon: '^1.12.1' },
39 silly resolved     tabtab: { yo: [Object] },
39 silly resolved     gitHead: '8a54b6e3fb25097916f45753a8f0a9edb8cbeb23',
39 silly resolved     bugs: { url: 'https://github.com/yeoman/yo/issues' },
39 silly resolved     _id: 'yo@1.8.4',
39 silly resolved     _shasum: 'c99e33bfd8b59153c3cf060e52aa6fcdd2bc2957',
39 silly resolved     _from: 'yo@',
39 silly resolved     _npmVersion: '3.5.3',
39 silly resolved     _nodeVersion: '5.11.1',
39 silly resolved     _npmUser: { name: 'sboudrias', email: 'admin@simonboudrias.com' },
39 silly resolved     dist:
39 silly resolved      { shasum: 'c99e33bfd8b59153c3cf060e52aa6fcdd2bc2957',
39 silly resolved        tarball: 'https://registry.npmjs.org/yo/-/yo-1.8.4.tgz' },
39 silly resolved     maintainers:
39 silly resolved      [ [Object],
39 silly resolved        [Object],
39 silly resolved        [Object],
39 silly resolved        [Object],
39 silly resolved        [Object],
39 silly resolved        [Object],
39 silly resolved        [Object] ],
39 silly resolved     _npmOperationalInternal:
39 silly resolved      { host: 'packages-12-west.internal.npmjs.com',
39 silly resolved        tmp: 'tmp/yo-1.8.4.tgz_1464718249989_0.8592824542429298' },
39 silly resolved     directories: {},
39 silly resolved     _resolved: 'https://registry.npmjs.org/yo/-/yo-1.8.4.tgz',
39 silly resolved     readme: 'ERROR: No README data found!' } ]
40 info install yo@1.8.4 into /usr/local/lib
41 info installOne yo@1.8.4
42 warn engine yo@1.8.4: wanted: {"node":">=0.12.0"} (current: {"node":"0.10.32","npm":"1.4.28"})
43 verbose lib/node_modules/yo unbuild
44 verbose tar unpack /Users/sudeep494/.npm/yo/1.8.4/package.tgz
45 silly lockFile 7d7c7bef-ar-usr-local-lib-node-modules-yo tar:///usr/local/lib/node_modules/yo
46 verbose lock tar:///usr/local/lib/node_modules/yo /Users/sudeep494/.npm/7d7c7bef-ar-usr-local-lib-node-modules-yo.lock
47 silly lockFile 16f8158a-deep494-npm-yo-1-8-4-package-tgz tar:///Users/sudeep494/.npm/yo/1.8.4/package.tgz
48 verbose lock tar:///Users/sudeep494/.npm/yo/1.8.4/package.tgz /Users/sudeep494/.npm/16f8158a-deep494-npm-yo-1-8-4-package-tgz.lock
49 silly gunzTarPerm modes [ '755', '644' ]
50 error Error: EACCES, mkdir '/usr/local/lib/node_modules/yo'
50 error  { [Error: EACCES, mkdir '/usr/local/lib/node_modules/yo']
50 error   errno: 3,
50 error   code: 'EACCES',
50 error   path: '/usr/local/lib/node_modules/yo',
50 error   fstream_type: 'Directory',
50 error   fstream_path: '/usr/local/lib/node_modules/yo',
50 error   fstream_class: 'DirWriter',
50 error   fstream_stack:
50 error    [ '/usr/local/lib/node_modules/npm/node_modules/fstream/lib/dir-writer.js:36:23',
50 error      '/usr/local/lib/node_modules/npm/node_modules/mkdirp/index.js:46:53',
50 error      'Object.oncomplete (fs.js:107:15)' ] }
51 error Please try running this command again as root/Administrator.
52 error System Darwin 15.5.0
53 error command "/usr/local/bin/node" "/usr/local/bin/npm" "install" "-g" "yo"
54 error cwd /Users/sudeep494/projects/bfin
55 error node -v v0.10.32
56 error npm -v 1.4.28
57 error path /usr/local/lib/node_modules/yo
58 error fstream_path /usr/local/lib/node_modules/yo
59 error fstream_type Directory
60 error fstream_class DirWriter
61 error code EACCES
62 error errno 3
63 error stack Error: EACCES, mkdir '/usr/local/lib/node_modules/yo'
64 error fstream_stack /usr/local/lib/node_modules/npm/node_modules/fstream/lib/dir-writer.js:36:23
64 error fstream_stack /usr/local/lib/node_modules/npm/node_modules/mkdirp/index.js:46:53
64 error fstream_stack Object.oncomplete (fs.js:107:15)
65 verbose exit [ 3, true ]
